<?xml version="1.0" encoding="UTF-8"?>
<testsuite name="AutoTest" tests="3" skipped="0" failures="0" errors="0" timestamp="2020-08-19T20:09:03" hostname="air-nikita" time="10.743">
  <properties/>
  <testcase name="validationCheckPhone()" classname="AutoTest" time="8.546"/>
  <testcase name="validationCheckName()" classname="AutoTest" time="1.234"/>
  <testcase name="shouldSubmitRequest()" classname="AutoTest" time="0.954"/>
  <system-out><![CDATA[]]></system-out>
  <system-err><![CDATA[SLF4J: Failed to load class "org.slf4j.impl.StaticLoggerBinder".
SLF4J: Defaulting to no-operation (NOP) logger implementation
SLF4J: See http://www.slf4j.org/codes.html#StaticLoggerBinder for further details.
Starting ChromeDriver 84.0.4147.30 (48b3e868b4cc0aa7e8149519690b6f6949e110a8-refs/branch-heads/4147@{#310}) on port 18096
Only local connections are allowed.
Please see https://chromedriver.chromium.org/security-considerations for suggestions on keeping ChromeDriver safe.
ChromeDriver was started successfully.
авг. 19, 2020 11:09:07 PM org.openqa.selenium.remote.ProtocolHandshake createSession
INFO: Detected dialect: W3C
]]></system-err>
</testsuite>
